mode: atomic
github.com/prabhatsharma/go-codecov/pkg/greet/hello.go:3.45,8.16 3 4
github.com/prabhatsharma/go-codecov/pkg/greet/hello.go:12.2,12.24 1 3
github.com/prabhatsharma/go-codecov/pkg/greet/hello.go:8.16,10.3 1 1
github.com/prabhatsharma/go-codecov/pkg/greet/hello.go:15.50,16.14 1 4
github.com/prabhatsharma/go-codecov/pkg/greet/hello.go:28.2,28.15 1 4
github.com/prabhatsharma/go-codecov/pkg/greet/hello.go:17.17,18.21 1 3
github.com/prabhatsharma/go-codecov/pkg/greet/hello.go:19.17,20.20 1 1
github.com/prabhatsharma/go-codecov/pkg/greet/hello.go:21.16,22.23 1 0
github.com/prabhatsharma/go-codecov/pkg/greet/hello.go:23.16,24.25 1 0
github.com/prabhatsharma/go-codecov/pkg/greet/hello.go:25.10,26.21 1 0
github.com/prabhatsharma/go-codecov/pkg/greet/hello_print.go:8.65,9.16 1 0
github.com/prabhatsharma/go-codecov/pkg/greet/hello_print.go:13.2,15.37 2 0
github.com/prabhatsharma/go-codecov/pkg/greet/hello_print.go:9.16,11.3 1 0
github.com/prabhatsharma/go-codecov/pkg/mt/adder.go:4.24,6.2 1 1
github.com/prabhatsharma/go-codecov/pkg/misc/repeater.go:3.39,5.25 2 1
github.com/prabhatsharma/go-codecov/pkg/misc/repeater.go:8.2,8.12 1 1
github.com/prabhatsharma/go-codecov/pkg/misc/repeater.go:5.25,7.3 1 5
